<?xml version="1.0" encoding="UTF-8"?>
<testng-results ignored="0" total="3" passed="3" failed="0" skipped="0">
  <reporter-output>
  </reporter-output>
  <suite started-at="2024-05-24T10:01:21 IST" name="Suite" finished-at="2024-05-24T10:01:51 IST" duration-ms="29401">
    <groups>
    </groups>
    <test started-at="2024-05-24T10:01:21 IST" name="Test" finished-at="2024-05-24T10:01:51 IST" duration-ms="29401">
      <class name="Tests.Gurutest">
        <test-method signature="Openapp()[pri:0, instance:Tests.Gurutest@50b472aa]" started-at="2024-05-24T10:01:22 IST" name="Openapp" finished-at="2024-05-24T10:01:45 IST" duration-ms="23698" status="PASS">
          <reporter-output>
          </reporter-output>
        </test-method> <!-- Openapp -->
        <test-method signature="Login()[pri:1, instance:Tests.Gurutest@50b472aa]" started-at="2024-05-24T10:01:45 IST" name="Login" finished-at="2024-05-24T10:01:49 IST" duration-ms="4068" status="PASS">
          <reporter-output>
          </reporter-output>
        </test-method> <!-- Login -->
        <test-method signature="Closeapp()[pri:2, instance:Tests.Gurutest@50b472aa]" started-at="2024-05-24T10:01:49 IST" name="Closeapp" finished-at="2024-05-24T10:01:51 IST" duration-ms="1259" status="PASS">
          <reporter-output>
          </reporter-output>
        </test-method> <!-- Closeapp -->
      </class> <!-- Tests.Gurutest -->
    </test> <!-- Test -->
  </suite> <!-- Suite -->
</testng-results>
